make.exe all -f C:\Projects\cleaner\Makefile --print-data-base --no-builtin-variables --no-builtin-rules --question
# GNU Make 3.81
# Copyright (C) 2006  Free Software Foundation, Inc.
# This is free software; see the source for copying conditions.
# There is NO warranty; not even for MERCHANTABILITY or FITNESS FOR A
# PARTICULAR PURPOSE.

# This program built for i386-pc-mingw32
 

# Make data base, printed on Wed Apr 06 18:10:21 2022

# Variables

# automatic
<D = $(patsubst %/,%,$(dir $<))
# automatic
?F = $(notdir $?)
# makefile
MAKEFLAGS = Rrqp
# environment
VSCODE_LOG_NATIVE = false
# automatic
?D = $(patsubst %/,%,$(dir $?))
# automatic
@D = $(patsubst %/,%,$(dir $@))
# environment
HOMEDRIVE = C:
# automatic
@F = $(notdir $@)
# automatic
^D = $(patsubst %/,%,$(dir $^))
# makefile
CURDIR := c:/Projects/cleaner
# default
SHELL := sh.exe
# environment
WINDIR = C:\WINDOWS
# environ 
ment
VSCODE_NLS_CONFIG = {"locale":"en-us","availableLanguages":{},"_languagePackSupport":true}
# environment
ONEDRIVE = C:\Users\wangx\OneDrive
# environment
PATHEXT = .COM;.EXE;.BAT;.CMD;.VBS;.VBE;.JS;.JSE;.WSF;.WSH;.MSC;.PY;.PYW
# makefile (from `clean.d', line 1)
MAKEFILE_LIST :=  C:\Projects\cleaner\Makefile main.d indents.d newline.d includeguard.d filename.d readwrite.d clean.d
# environment
FPS_BROWSER_USER_PROFILE_STRING = Default
# environment
TMP = C:\Users\wangx\AppData\Local\Temp
# makefile (from `C:\Projects\cleaner\Makefile', line 2)
CXXFLAGS = -std=c++14 -Wall -MMD -Wno-unused
# environment
VSCODE_VERBOSE_LOGGING = true
# environment
PROGRAMW6432 = C:\Program Files
# environment
PROGRAMDATA = C:\ProgramData
# environment
VSCODE_IPC_HOOK_EXTHOST = \\.\pipe\vscode-ipc-9885c573-1f13-4e16-a3e5-d541236acbde-sock
# environment
VSCODE_CWD = C:\Users\wangx\AppData\Local\Programs\Microsoft VS Code
# environment
PATH = C:\Program Files (x86)\Razer\ChromaBroadcast\bin;C:\Program Files\Razer\ChromaBroadcast\bin;C:\Program Files\Python37\Scripts\;C:\Program Files\Python37\;C:\Program Files (x86)\Common Files\Oracle\Java\javapath;C:\Windows\system32;C:\Windows;C:\Windows\System32\Wbem;C:\Windows\System32\WindowsPowerShell\v1.0\;C:\Windows\System32\OpenSSH\;C:\Program Files (x86)\NVIDIA Corporation\PhysX\Common;C:\Program Files\nodejs\;C:\Program Files\PuTTY\;C:\Windows\system32\config\systemprofile\AppData\Local\Microsoft\WindowsApps;C:\WINDOWS\system32;C:\WINDOWS;C:\WINDOWS\System32\Wbem;C:\WINDOWS\System32\WindowsPowerShell\v1.0\;C:\WINDOWS\System32\OpenSSH\;C:\Users\wangx\AppData\Roaming\Python\Python37\Scripts;C:\Program Files\NVIDIA Corporation\NVIDIA NvDLISR;C:\Program Files\Git\cmd;C:\Program Files\Docker\Docker\resources\bin;C:\ProgramData\DockerDesktop\version-bin;C:\Program Files\dotnet\;C:\Users\wangx\AppData\Local\Microsoft\WindowsApps;C:\Users\wangx\AppData\Local\Programs\Microsoft VS Code\bin;C:\Users\wangx\AppData\Roaming\npm;C:\Users\wangx\AppData\Local\GitHubDesktop\bin;C:\Program Files\heroku\bin;C:\msys64\mingw64\bin;C:\Program Files (x86)\GnuWin32\bin;
# environment
COMMONPROGRAMW6432 = C:\Program Files\Common Files
# environment
ZES_ENABLE_SYSMAN = 1
# environment
PROCESSOR_ARCHITECTURE = x86
# environment
USERPROFILE = C:\Users\wangx
# environment
ALLUSERSPROFILE = C:\ProgramData
# environment
VSCODE_LOG_STACK = false
# environment
NUMBER_OF_PROCESSORS = 16
# environment
ELECTRON_RUN_AS_NODE = 1
# default
.FEATURES := target-specific order-only second-expansion else-if archives
# automatic
%F = $(notdir $%)
# environment
CHROME_CRASHPAD_PIPE_NAME = \\.\pipe\crashpad_18260_EBGHACWGTKTDTPDX
# environment
VSCODE_PIPE_LOGGING = true
# environment
COMPUTERNAME = DESKTOP-PBUHD6P
# environment
PROGRAMFILES = C:\Program Files (x86)
# environment
DRIVERDATA = C:\Windows\System32\Drivers\DriverData
# environment
ORIGINAL_XDG_CURRENT_DESKTOP = undefined
# environment
USERNAME = wangx
# environment
PUBLIC = C:\Users\Public
# environment
VSCODE_AMD_ENTRYPOINT = vs/workbench/api/node/extensionHostProcess
#  
environment
VSCODE_CODE_CACHE_PATH = C:\Users\wangx\AppData\Roaming\Code\CachedData\e18005f0f1b33c29e81d732535d8c0e47cafb0b5
# environment
APPLICATION_INSIGHTS_NO_DIAGNOSTIC_CHANNEL = 1
# environment
COMMONPROGRAMFILES = C:\Program Files (x86)\Common Files
# environment
LOGONSERVER = \\DESKTOP-PBUHD6P
# makefile (from `C:\Projects\cleaner\Makefile', line 5)
DEPENDS = ${OBJECTS:.o=.d}
# environment
VSCODE_HANDLES_UNCAUGHT_ERRORS = true
# environment
USERDOMAIN = DESKTOP-PBUHD6P
# default
MAKE = $(MAKE_COMMAND)
# default
MAKECMDGOALS := all
# makefile (from `C:\Projects\cleaner\Makefile', line 3)
EXEC = cleaner
# default
MAKE_VERSION := 3.81
# makefile
.DEFAULT_GOAL := cleaner
# environment
PROGRAMFILES(X86) = C:\Program Files (x86)
# automatic
%D = $(patsubst %/,%,$(dir $%))
# environment
LOCALAPPDATA = C:\Users\wangx\AppData\Local
# environment
PSMODULEPATH = C:\Program Files\WindowsPowerShell\Modules;C:\WINDOWS\system32\WindowsPowerShell\v1.0\Modules
# default
MAKE_COMMAND := make.exe
# environment
PROCESSOR 
_ARCHITEW6432 = AMD64
# default
.VARIABLES := 
# automatic
*F = $(notdir $*)
# environment
PROCESSOR_IDENTIFIER = Intel64 Family 6 Model 167 Stepping 1, GenuineIntel
# environment
OS = Windows_NT
# environment
VSCODE_IPC_HOOK = \\.\pipe\5a9f045c7eb8110031b1658d18d890d1-1.66.0-main-sock
# environment
HOMEPATH = \Users\wangx
# environment
COMMONPROGRAMFILES(X86) = C:\Program Files (x86)\Common Files
# environment
PROMPT = $P$G
# environment
MFLAGS = -Rrqp
# automatic
*D = $(patsubst %/,%,$(dir $*))
# environment
SYSTEMROOT = C:\WINDOWS
# automatic
+D = $(patsubst %/,%,$(dir $+))
# automatic
+F = $(notdir $+)
# environment
APPDATA = C:\Users\wangx\AppData\Roaming
# environment
TEMP = C:\Users\wangx\AppData\Local\Temp
# environment
COMSPEC = C:\WINDOWS\system32\cmd.exe
# default
MAKEFILES := 
# automatic
<F = $(notdir $<)
# makefile (from `C:\Projects\cleaner\Makefile', line 1)
CXX = g++
# environment
LC_ALL = C
# automatic
^F = $(notdir $^)
# default
SUFFIXES := 
# environment
SYSTEMDRIVE = C:
# environment
SESSIONNAME = Console
# environment
PROCESSOR_REVISION = a701
# environment
MAKELEVEL := 0
# makefile (from `C:\Projects\cleaner\Makefile', line 4)
OBJECTS = main.o indents.o newline.o includeguard.o filename.o readwrite.o clean.o
# environment
LANG = C
# environment
PROCESSOR_LEVEL = 6
# environment
FPS_BROWSER_APP_PROFILE_STRING = Internet Explorer
# environment
VSCODE_PID = 18260
# environment
USERDOMAIN_ROAMINGPROFILE = DESKTOP-PBUHD6P
# variable set hash-table stats:
# Load=94/1024=9%, Rehash=0, Collisions=9/132=7%

# Pattern-specific Variable Values

# No pattern-specific variable values.

# Directories

# C:\Program Files\heroku\bin (key C:/Program Files/heroku/bin, mtime 1646069563): 4 files, no impossibilities.
# C:\Program Files\Docker\Docker\resources\bin (key C:/Program Files/Docker/Docker/resources/bin, mtime 1648757294): 13 files, no impossibilities.
# C:\Users\wangx\AppData\Roaming\npm (key C:/Users/wangx/AppData/Roaming/npm, mtime 1628902303): 2 files, no impossibilities.
# C:\Program Files (x86)\Razer\ChromaBroadcast\bin (key C:/Program Files (x86)/Razer/ChromaBroadcast/bin, mtime 1636134430): 5 files, no impossibilities.
# C:\Windows\System32\WindowsPowerShell\v1.0\ (key C:/Windows/System32/WindowsPowerShell/v1.0/, mtime 1622898672): 30 files, no impossibilities.
# C:\Windows\System32\Wbem (key C:/Windows/System32/Wbem, mtime 1642127975): 155 files, no impossibilities.
# . (key c:/Projects/cleaner, mtime 1649282775): 48 files, no impossibilities.
# C:\Program Files (x86)\NVIDIA Corporation\PhysX\C 
ommon (key C:/Program Files (x86)/NVIDIA Corporation/PhysX/Common, mtime 1619636050): 10 files, no impossibilities.
# C:\Users\wangx\AppData\Local\GitHubDesktop\bin (key C:/Users/wangx/AppData/Local/GitHubDesktop/bin, mtime 1645991199): 4 files, no impossibilities.
# C:\Program Files\nodejs\ (key C:/Program Files/nodejs/, mtime 1628902307): 11 files, no impossibilities.
# C:\Users\wangx\AppData\Local\Microsoft\WindowsApps (key C:/Users/wangx/AppData/Local/Microsoft/WindowsApps, mtime 1649211081): 28 files, no impossibilities.
# C:\Program Files\Python37\ (key C:/Program Files/Python37/, mtime 1623443921): 17 files, no impossibilities.
# C:\Program Files (x86)\GnuWin32\bin (key C:/Program Files (x86)/GnuWin32/bin, mtime 1647992467): 5 files, no impossibilities.
# C:\Program Files\Python37\Scripts\ (key C:/Program Files/Python37/Scripts/, mtime 1623443924): 7 files, no impossibilities.
# C:\Windows\System32\OpenSSH\: could not be stat'd.
# C:\Program Files\PuTTY\ (key C:/Program Files/PuTTY/, mtime 1631038151): 
 12 files, no impossibilities.
# C:\Program Files (x86)\Common Files\Oracle\Java\javapath (key C:/Program Files (x86)/Common Files/Oracle/Java/javapath, mtime 1636908224): 5 files, no impossibilities.
# C:\Windows (key C:/Windows, mtime 1649114362): 127 files, no impossibilities.
# C:\Users\wangx\AppData\Roaming\Python\Python37\Scripts (key C:/Users/wangx/AppData/Roaming/Python/Python37/Scripts, mtime 1646193864): 84 files, no impossibilities.
# C:\Program Files\Razer\ChromaBroadcast\bin (key C:/Program Fil 
es/Razer/ChromaBroadcast/bin, mtime 1636134430): 5 files, no impossibilities.
# C:\Program Files\dotnet\ (key C:/Program Files/dotnet/, mtime 1649184241): 8 files, no impossibilities.
# C:\ProgramData\DockerDesktop\version-bin: could not be stat'd.
# C:\msys64\mingw64\bin (key C:/msys64/mingw64/bin, mtime 1647474477): 207 files, no impossibilities.
# C:\Program Files\Git\cmd (key C:/Program Files/Git/cmd, mtime 1645990665): 8 files, no impossibilities.
# C:\Windows\system32 (key C:/Windows/system32, mtime 1 
649254012): 2955 files, no impossibilities.
# C:\Users\wangx\AppData\Local\Programs\Microsoft VS Code\bin (key C:/Users/wangx/AppData/Local/Programs/Microsoft VS Code/bin, mtime 1648865332): 4 files, no impossibilities.
# C:\Program Files\NVIDIA Corporation\NVIDIA NvDLISR (key C:/Program Files/NVIDIA Corporation/NVIDIA NvDLISR, mtime 1643385985): 5 files, no impossibilities.
# C:\Windows\system32\config\systemprofile\AppData\Local\Microsoft\WindowsApps: could not be stat'd.

# 3759 files, no impossibilities in 28 directories.

# Implicit Rules

# No implicit rules.

# Files

# Not a target:
includeguard.h:
#  Implicit rule search has not been done.
#  Modification time never checked.
#  File has not been updated.

# Not a target:
indents.h:
#  Implicit rule search has not been done.
#  Modification time never checked.
#  File has not been updated.

# Not a target:
newline.h:
#  Implicit rule search has not been done.
#  Modification time never checked.
#  File has not been updated.

filename.o: filename.cc fi 
lename.h
#  Implicit rule search has not been done.
#  Modification time never checked.
#  File has not been updated.

# Not a target:
all:
#  Command-line target.
#  Implicit rule search has been done.
#  File does not exist.
#  File has not been updated.
# variable set hash-table stats:
# Load=0/32=0%, Rehash=0, Collisions=0/0=0%

# Not a target:
readwrite.h:
#  Implicit rule search has not been done.
#  Modification time never checked.
#  File has not been updated.

.PHONY: clean
#  Implicit rule search  
has not been done.
#  Modification time never checked.
#  File has not been updated.

# Not a target:
clean.h:
#  Implicit rule search has not been done.
#  Modification time never checked.
#  File has not been updated.

# Not a target:
.DEFAULT:
#  Implicit rule search has not been done.
#  Modification time never checked.
#  File has not been updated.

# Not a target:
filename.cc:
#  Implicit rule search has not been done.
#  Modification time never checked.
#  File has not been updated.

# Not a target:
 
includeguard.d:
#  A default, MAKEFILES, or -include/sinclude makefile.
#  Implicit rule search has been done.
#  Last modified 2022-04-01 19:11:37
#  File has been updated.
#  Successfully updated.
# variable set hash-table stats:
# Load=0/32=0%, Rehash=0, Collisions=0/0=0%

# Not a target:
indents.d:
#  A default, MAKEFILES, or -include/sinclude makefile.
#  Implicit rule search has been done.
#  Last modified 2022-04-01 19:11:37
#  File has been updated.
#  Successfully updated.
# variable set hash-table stats:
# Load=0/32=0%, Rehash=0, Collisions=0/0=0%

# Not a target:
newline.d:
#  A default, MAKEFILES, or -include/sinclude makefile.
#  Implicit rule search has been done.
#  Last modified 2022-04-01 19:11:37
#  File has been updated.
#  Successfully updated.
# variable set hash-table stats:
# Load=0/32=0%, Rehash=0, Collisions=0/0=0%

# Not a target:
readwrite.d:
#  A default, MAKEFILES, or -include/sinclude makefile.
#  Implicit rule search has been done.
#  Last modified 2022-04-01 19:11:38
#  File ha 
s been updated.
#  Successfully updated.
# variable set hash-table stats:
# Load=0/32=0%, Rehash=0, Collisions=0/0=0%

# Not a target:
clean.d:
#  A default, MAKEFILES, or -include/sinclude makefile.
#  Implicit rule search has been done.
#  Last modified 2022-04-01 22:12:04
#  File has been updated.
#  Successfully updated.
# variable set hash-table stats:
# Load=0/32=0%, Rehash=0, Collisions=0/0=0%

cleaner: main.o indents.o newline.o includeguard.o filename.o readwrite.o clean.o
#  Implicit rule search h 
as not been done.
#  Modification time never checked.
#  File has not been updated.
#  commands to execute (from `C:\Projects\cleaner\Makefile', line 8):
	${CXX} ${CXXFLAGS} ${OBJECTS} -o ${EXEC}
	

includeguard.o: includeguard.cc includeguard.h
#  Implicit rule search has not been done.
#  Modification time never checked.
#  File has not been updated.

# Not a target:
main.d:
#  A default, MAKEFILES, or -include/sinclude makefile.
#  Implicit rule search has been done.
#  Last modified 2022-04-06 18:04:27
 
#  File has been updated.
#  Successfully updated.
# variable set hash-table stats:
# Load=0/32=0%, Rehash=0, Collisions=0/0=0%

# Not a target:
.SUFFIXES:
#  Implicit rule search has not been done.
#  Modification time never checked.
#  File has not been updated.

# Not a target:
C:\Projects\cleaner\Makefile:
#  Implicit rule search has been done.
#  Last modified 2022-04-06 18:04:15
#  File has been updated.
#  Successfully updated.
# variable set hash-table stats:
# Load=0/32=0%, Rehash=0, Collisions=0/0=0%

indents.o: indents.cc indents.h
#  Implicit rule search has not been done.
#  Modification time never checked.
#  File has not been updated.

# Not a target:
filename.h:
#  Implicit rule search has not been done.
#  Modification time never checked.
#  File has not been updated.

newline.o: newline.cc newline.h
#  Implicit rule search has not been done.
#  Modification time never checked.
#  File has not been updated.

readwrite.o: readwrite.cc readwrite.h
#  Implicit rule search has not been done.
#  M 
odification time never checked.
#  File has not been updated.

# Not a target:
includeguard.cc:
#  Implicit rule search has not been done.
#  Modification time never checked.
#  File has not been updated.

clean:
#  Phony target (prerequisite of .PHONY).
#  Implicit rule search has not been done.
#  File does not exist.
#  File has not been updated.
#  commands to execute (from `C:\Projects\cleaner\Makefile', line 12):
	del ${OBJECTS} ${EXEC} ${DEPENDS}
	

clean.o: clean.cc clean.h filename.h includeguard.h indents.h newline.h readwrite.h
#  Implicit rule search has not been done.
#  Modification time never checked.
#  File has not been updated.

# Not a target:
indents.cc:
#  Implicit rule search has not been done.
#  Modification time never checked.
#  File has not been updated.

# Not a target:
newline.cc:
#  Implicit rule search has not been done.
#  Modification time never checked.
#  File has not been updated.

# Not a target:
readwrite.cc:
#  Implicit rule search has not been done.
#  Modification time 
 never checked.
#  File has not been updated.

# Not a target:
clean.cc:
#  Implicit rule search has not been done.
#  Modification time never checked.
#  File has not been updated.

# Not a target:
filename.d:
#  A default, MAKEFILES, or -include/sinclude makefile.
#  Implicit rule search has been done.
#  Last modified 2022-04-01 19:11:38
#  File has been updated.
#  Successfully updated.
# variable set hash-table stats:
# Load=0/32=0%, Rehash=0, Collisions=0/0=0%

main.o: main.cc indents.h newline.h incl 
udeguard.h filename.h readwrite.h clean.h
#  Implicit rule search has not been done.
#  Modification time never checked.
#  File has not been updated.

# Not a target:
main.cc:
#  Implicit rule search has not been done.
#  Modification time never checked.
#  File has not been updated.

# files hash-table stats:
# Load=34/1024=3%, Rehash=0, Collisions=0/84=0%
# VPATH Search Paths

# No `vpath' search paths.

# No general (`VPATH' variable) search path.

# # of strings in strcache: 8
# # of strcache buffers:  
make.exe: *** No rule to make target `all'.  Stop.

1
# strcache size: total = 4096 / max = 4096 / min = 4096 / avg = 4096
# strcache free: total = 3994 / max = 3994 / min = 3994 / avg = 3994

# Finished Make data base on Wed Apr 06 18:10:21 2022

 
